
                                      ARENA Simulation Results
                               s910711@hotmail.com - License: STUDENT

                                  Summary for Replication 1 of 1

Project: Smarts065                                                   Run execution date : 6/13/2020
Analyst: Rockwell Automation                                         Model revision date: 6/13/2020

Replication ended at time      : 6720.0 Hours 
Base Time Units: Hours

                                           TALLY VARIABLES

Identifier                                  Average   Half Width  Minimum    Maximum   Observations
___________________________________________________________________________________________________

Process 1.VATimePerEntity                   .49923     .00244     .17917     .83832       6578    
Process 1.TotalTimePerEntity                .49927     .00244     .17917     .83832       6578    
Process 1.WaitTimePerEntity                 3.3187E-05 2.6660E-05 .00000     .05095       6578    
Entity 1.VATime                             .49923     .00244     .17917     .83832       6578    
Entity 1.NVATime                            .00000     .00000     .00000     .00000       6578    
Entity 1.WaitTime                           3.3187E-05 2.6660E-05 .00000     .05095       6578    
Entity 1.TranTime                           .00000     .00000     .00000     .00000       6578    
Entity 1.OtherTime                          .00000     .00000     .00000     .00000       6578    
Entity 1.TotalTime                          .49927     .00244     .17917     .83832       6578    
Process 1.Queue.WaitingTime                 3.3187E-05 2.6660E-05 .00000     .05095       6578    

                                     DISCRETE-CHANGE VARIABLES

Identifier                                  Average   Half Width  Minimum    Maximum   Final Value
___________________________________________________________________________________________________

Entity 1.WIP                                1.4887     (Corr)     .00000     3.0000     1.0000    
Machine.NumberBusy                          .48868     (Corr)     .00000     1.0000     .00000    
Machine.NumberScheduled                     1.0000     (Insuf)    1.0000     1.0000     1.0000    
Machine.Utilization                         .48868     (Corr)     .00000     1.0000     .00000    
Process 1.Queue.NumberInQueue               3.2486E-05 (Insuf)    .00000     1.0000     .00000    

                                             OUTPUTS

Identifier                                   Value
_____________________________________________________________

Process 1 Accum Wait Time                   .21830    
Process 1 Number In                         6578.0    
Process 1 Accum VA Time                     3283.9    
Process 1 Number Out                        6578.0    
Entity 1.NumberIn                           6579.0    
Entity 1.NumberOut                          6578.0    
Machine.NumberSeized                        6578.0    
Machine.ScheduledUtilization                .48868    
System.NumberOut                            6578.0    


Simulation run time: 0.15 minutes.
Simulation run complete.
